<?xml version="1.0" encoding="UTF-8"?>
<testsuite name="recursion.FactorialTest" tests="2" skipped="0" failures="0" errors="0" timestamp="2022-08-08T18:42:08" hostname="E40-DHOLDEN2-LT" time="0.002">
  <properties/>
  <testcase name="testFactorial1()" classname="recursion.FactorialTest" time="0.0"/>
  <testcase name="testInvalid()" classname="recursion.FactorialTest" time="0.001"/>
  <system-out><![CDATA[]]></system-out>
  <system-err><![CDATA[]]></system-err>
</testsuite>
