<?xml version="1.0" encoding="UTF-8"?>
<testsuite name="recursion.BinaryTest" tests="1" skipped="0" failures="0" errors="0" timestamp="2022-08-08T18:42:08" hostname="E40-DHOLDEN2-LT" time="0.011">
  <properties/>
  <testcase name="test1()" classname="recursion.BinaryTest" time="0.011"/>
  <system-out><![CDATA[]]></system-out>
  <system-err><![CDATA[]]></system-err>
</testsuite>
